
-------- begin --------
avr-gcc (WinAVR 20080610) 4.3.0
Copyright (C) 2008 Free Software Foundation, Inc.
This is free software; see the source for copying conditions.  There is NO
warranty; not even for MERCHANTABILITY or FITNESS FOR A PARTICULAR PURPOSE.


Size before:
spi_master.elf  :
section    size   addr
.text      1008      0
.stab      1176      0
.stabstr   1786      0
Total      3970




Size after:
spi_master.elf  :
section    size   addr
.text      1008      0
.stab      1176      0
.stabstr   1786      0
Total      3970



Errors: none
-------- end --------

