
-------- begin --------
avr-gcc (WinAVR 20080610) 4.3.0
Copyright (C) 2008 Free Software Foundation, Inc.
This is free software; see the source for copying conditions.  There is NO
warranty; not even for MERCHANTABILITY or FITNESS FOR A PARTICULAR PURPOSE.


Size before:
day6q1.elf  :
section    size      addr
.text       352         0
.bss          4   8388704
.stab      1056         0
.stabstr   1681         0
Total      3093




Size after:
day6q1.elf  :
section    size      addr
.text       352         0
.bss          4   8388704
.stab      1056         0
.stabstr   1681         0
Total      3093



Errors: none
-------- end --------

