
-------- begin --------
avr-gcc (WinAVR 20080610) 4.3.0
Copyright (C) 2008 Free Software Foundation, Inc.
This is free software; see the source for copying conditions.  There is NO
warranty; not even for MERCHANTABILITY or FITNESS FOR A PARTICULAR PURPOSE.


Size before:
delay_int.elf  :
section    size      addr
.text       360         0
.bss          4   8388704
.stab       984         0
.stabstr   1682         0
Total      3030




Size after:
delay_int.elf  :
section    size      addr
.text       360         0
.bss          4   8388704
.stab       984         0
.stabstr   1682         0
Total      3030



Errors: none
-------- end --------

