set -e; avr-gcc -MM -mmcu=atmega8 -I. -O0 -gstabs -std=gnu99  -funsigned-char -funsigned-bitfields -fpack-struct -fshort-enums  -Wall -Wstrict-prototypes  -Wa,-adhlns=eeprom.lst   eeprom.c \
	| sed 's,\(.*\)\.o[ :]*,\1.o \1.d : ,g' > eeprom.d; \
	[ -s eeprom.d ] || rm -f eeprom.d

-------- begin --------
avr-gcc (WinAVR 20080610) 4.3.0
Copyright (C) 2008 Free Software Foundation, Inc.
This is free software; see the source for copying conditions.  There is NO
warranty; not even for MERCHANTABILITY or FITNESS FOR A PARTICULAR PURPOSE.


Compiling: eeprom.c
avr-gcc -c -mmcu=atmega8 -I. -O0 -gstabs -std=gnu99  -funsigned-char -funsigned-bitfields -fpack-struct -fshort-enums  -Wall -Wstrict-prototypes  -Wa,-adhlns=eeprom.lst   eeprom.c -o eeprom.o
In file included from eeprom.c:9:
c:/winavr/lib/gcc/../../avr/include/avr\signal.h:36:2: warning: #warning "This header file is obsolete.  Use <avr/interrupt.h>."

Linking: eeprom.elf
avr-gcc -mmcu=atmega8 -I. -O0 -gstabs -std=gnu99  -funsigned-char -funsigned-bitfields -fpack-struct -fshort-enums  -Wall -Wstrict-prototypes  -Wa,-adhlns=eeprom.o   eeprom.o  --output eeprom.elf -lm -Wl,-Map=eeprom.map -Wl,--cref

Creating load file for Flash: eeprom.hex
avr-objcopy -O ihex -R .eeprom eeprom.elf eeprom.hex

Creating load file for EEPROM: eeprom.eep
avr-objcopy -j .eeprom --set-section-flags=.eeprom="alloc,load" \
	--change-section-lma .eeprom=0 -O ihex eeprom.elf eeprom.eep
c:\winavr\bin\avr-objcopy.exe: --change-section-lma .eeprom=0x00000000 never used

Creating Extended Listing: eeprom.lss
avr-objdump -h -S eeprom.elf > eeprom.lss

Creating Symbol Table: eeprom.sym
avr-nm -n eeprom.elf > eeprom.sym

Converting to AVR COFF: eeprom.cof
avr-objcopy --debugging --change-section-address .data-0x800000 --change-section-address .bss-0x800000 --change-section-address .noinit-0x800000 --change-section-address .eeprom-0x810000 -O coff-ext-avr eeprom.elf eeprom.cof   # Extended COFF. Supported in VMLAB from rel. 3.10
Discarding local symbol outside any compilation unit: .do_copy_data_start
Discarding local symbol outside any compilation unit: .do_copy_data_loop
Discarding local symbol outside any compilation unit: .do_clear_bss_start
Discarding local symbol outside any compilation unit: .do_clear_bss_loop
Warning: no "data" section found in output file
c:\winavr\bin\avr-objcopy.exe: --change-section-vma .eeprom+0xff7f0000 never used
c:\winavr\bin\avr-objcopy.exe: --change-section-lma .eeprom+0xff7f0000 never used
c:\winavr\bin\avr-objcopy.exe: --change-section-vma .noinit+0xff800000 never used
c:\winavr\bin\avr-objcopy.exe: --change-section-lma .noinit+0xff800000 never used
c:\winavr\bin\avr-objcopy.exe: --change-section-vma .data+0xff800000 never used
c:\winavr\bin\avr-objcopy.exe: --change-section-lma .data+0xff800000 never used

Size after:
eeprom.elf  :
section    size      addr
.text       390         0
.bss          2   8388704
.stab      1176         0
.stabstr   1730         0
Total      3298



Errors: none
-------- end --------

