
-------- begin --------
avr-gcc (WinAVR 20080610) 4.3.0
Copyright (C) 2008 Free Software Foundation, Inc.
This is free software; see the source for copying conditions.  There is NO
warranty; not even for MERCHANTABILITY or FITNESS FOR A PARTICULAR PURPOSE.


Size before:
day5q5.elf  :
section    size   addr
.text       296      0
.stab       936      0
.stabstr   1626      0
Total      2858




Size after:
day5q5.elf  :
section    size   addr
.text       296      0
.stab       936      0
.stabstr   1626      0
Total      2858



Errors: none
-------- end --------

