
-------- begin --------
avr-gcc (WinAVR 20080610) 4.3.0
Copyright (C) 2008 Free Software Foundation, Inc.
This is free software; see the source for copying conditions.  There is NO
warranty; not even for MERCHANTABILITY or FITNESS FOR A PARTICULAR PURPOSE.


Size before:
adc.elf  :
section    size      addr
.text       436         0
.bss          6   8388704
.stab      1200         0
.stabstr   1710         0
Total      3352




Size after:
adc.elf  :
section    size      addr
.text       436         0
.bss          6   8388704
.stab      1200         0
.stabstr   1710         0
Total      3352



Errors: none
-------- end --------

